<?xml version="1.0" encoding="UTF-8"?>
<coverage generated="1618688989772" clover="3.2.0">
  <project timestamp="1618688989773" name="All files">
    <metrics statements="8" coveredstatements="2" conditionals="8" coveredconditionals="1" methods="2" coveredmethods="1" elements="18" coveredelements="4" complexity="0" loc="8" ncloc="8" packages="1" files="2" classes="2"/>
    <file name="network.js" path="C:\Users\ordagrz\source\repos\Fend-NLP_proj4\src\client\js\network.js">
      <metrics statements="1" coveredstatements="0" conditionals="1" coveredconditionals="0" methods="1" coveredmethods="0"/>
      <line num="2" count="0" type="stmt"/>
    </file>
    <file name="sentimental.js" path="C:\Users\ordagrz\source\repos\Fend-NLP_proj4\src\client\js\sentimental.js">
      <metrics statements="7" coveredstatements="2" conditionals="7" coveredconditionals="1" methods="1" coveredmethods="1"/>
      <line num="2" count="1" type="cond" truecount="1" falsecount="5"/>
      <line num="4" count="1" type="stmt"/>
      <line num="6" count="0" type="stmt"/>
      <line num="8" count="0" type="stmt"/>
      <line num="10" count="0" type="stmt"/>
      <line num="12" count="0" type="stmt"/>
      <line num="14" count="0" type="stmt"/>
    </file>
  </project>
</coverage>
