{"C:\\Users\\ordagrz\\source\\repos\\Fend-NLP_proj4\\src\\client\\js\\network.js": {"path":"C:\\Users\\ordagrz\\source\\repos\\Fend-NLP_proj4\\src\\client\\js\\network.js","statementMap":{"0":{"start":{"line":2,"column":4},"end":{"line":2,"column":36}}},"fnMap":{"0":{"name":"fetchData","decl":{"start":{"line":1,"column":22},"end":{"line":1,"column":31}},"loc":{"start":{"line":1,"column":42},"end":{"line":3,"column":1}},"line":1}},"branchMap":{"0":{"loc":{"start":{"line":1,"column":32},"end":{"line":1,"column":40}},"type":"default-arg","locations":[{"start":{"line":1,"column":38},"end":{"line":1,"column":40}}],"line":1}},"s":{"0":0},"f":{"0":0},"b":{"0":[0]},"_coverageSchema":"1a1c01bbd47fc00a2c39e90264f33305004495a9","hash":"7b6fad44288bb42715b351f1aae6e44d802d0b3d"}
,"C:\\Users\\ordagrz\\source\\repos\\Fend-NLP_proj4\\src\\client\\js\\sentimental.js": {"path":"C:\\Users\\ordagrz\\source\\repos\\Fend-NLP_proj4\\src\\client\\js\\sentimental.js","statementMap":{"0":{"start":{"line":2,"column":4},"end":{"line":15,"column":5}},"1":{"start":{"line":4,"column":12},"end":{"line":4,"column":34}},"2":{"start":{"line":6,"column":12},"end":{"line":6,"column":29}},"3":{"start":{"line":8,"column":12},"end":{"line":8,"column":28}},"4":{"start":{"line":10,"column":12},"end":{"line":10,"column":29}},"5":{"start":{"line":12,"column":12},"end":{"line":12,"column":34}},"6":{"start":{"line":14,"column":12},"end":{"line":14,"column":25}}},"fnMap":{"0":{"name":"score","decl":{"start":{"line":1,"column":16},"end":{"line":1,"column":21}},"loc":{"start":{"line":1,"column":36},"end":{"line":16,"column":1}},"line":1}},"branchMap":{"0":{"loc":{"start":{"line":1,"column":22},"end":{"line":1,"column":34}},"type":"default-arg","locations":[{"start":{"line":1,"column":28},"end":{"line":1,"column":34}}],"line":1},"1":{"loc":{"start":{"line":2,"column":4},"end":{"line":15,"column":5}},"type":"switch","locations":[{"start":{"line":3,"column":8},"end":{"line":4,"column":34}},{"start":{"line":5,"column":8},"end":{"line":6,"column":29}},{"start":{"line":7,"column":8},"end":{"line":8,"column":28}},{"start":{"line":9,"column":8},"end":{"line":10,"column":29}},{"start":{"line":11,"column":8},"end":{"line":12,"column":34}},{"start":{"line":13,"column":8},"end":{"line":14,"column":25}}],"line":2}},"s":{"0":1,"1":1,"2":0,"3":0,"4":0,"5":0,"6":0},"f":{"0":1},"b":{"0":[0],"1":[1,0,0,0,0,0]},"_coverageSchema":"1a1c01bbd47fc00a2c39e90264f33305004495a9","hash":"5d7cd6d0548749101ace7804967ec3708252f6bc"}
}
